<?xml version="1.0" encoding="UTF-8"?>
<!-- Generated by org.testng.reporters.JUnitReportReporter -->
<testsuite hostname="DESKTOP-QEULDIT" failures="0" tests="1" name="testcases.Google" time="8.550" errors="0" timestamp="14 Feb 2021 17:24:09 GMT" skipped="0">
  <testcase classname="testcases.Google" name="googleSearch" time="8.550"/>
</testsuite> <!-- testcases.Google -->
